03/29/2019 10:58:47 INICIANDO...
03/29/2019 10:58:47 2.1.0.2
03/29/2019 10:58:47 Usuário: msantos.stefanini(Administrador)
03/29/2019 10:58:47 Versão do Sistema Operacional: 6.1.7601
03/29/2019 10:58:47 64 Bits: true
03/29/2019 10:58:47  45.0.1 (x86 pt-BR) ( 45.0 )
03/29/2019 10:58:47 UAC: Ativado
03/29/2019 10:58:47 Verificando se Mozilla Firefox está instalado...
03/29/2019 10:58:47 Mozilla Firefox instalado.
03/29/2019 10:58:47 [1: Ajustando ambiente] Verificando...
03/29/2019 10:58:47 [1: Ajustando ambiente] 
03/29/2019 10:58:53 [1: Ajustando ambiente] Ok.
03/29/2019 10:58:53 [2: Ajustes iniciais] Verificando...
03/29/2019 10:58:53 [2: Ajustes iniciais] Ok.
03/29/2019 10:58:53 [3: Instalação dos certificados raíz] Verificando...
03/29/2019 10:58:53 [3: Instalação dos certificados raíz] Efetuando download do instalador...
03/29/2019 10:59:01 [3: Instalação dos certificados raíz] Instalando...
03/29/2019 10:59:02 [3: Instalação dos certificados raíz] Ok.
03/29/2019 10:59:02 [5: Ajustes adicionais] Verificando...
03/29/2019 10:59:04 [5: Ajustes adicionais] Limpando...
03/29/2019 10:59:04 [5: Ajustes adicionais] Ok.
03/29/2019 10:59:04 [6: Preparando navegador Firefox] Verificando...
03/29/2019 10:59:04 [6: Preparando navegador Firefox] Ok.
03/29/2019 10:59:04 [7: Instalando módulo de segurança] Verificando...
03/29/2019 10:59:04 [7: Instalando módulo de segurança] Efetuando download do instalador...
03/29/2019 10:59:10 [7: Instalando módulo de segurança] Instalando...
03/29/2019 11:04:45 [7: Instalando módulo de segurança] Ok.
03/29/2019 11:04:45 [8: Preparando módulo de segurança] Verificando...
03/29/2019 11:04:45 [8: Preparando módulo de segurança] Será necessário reiniciar o computador para finalizar a instalação.
03/29/2019 11:04:45 [9: Finalizando a instalação] Verificando...
03/29/2019 11:04:45 [9: Finalizando a instalação] 
03/29/2019 11:04:45 [10: Validando a instalação] Verificando...
03/29/2019 11:05:18 [10: Validando a instalação] Ok.
03/29/2019 11:05:18 [11: Finalizando ajustes no navegador] Verificando...
03/29/2019 11:05:18 [11: Finalizando ajustes no navegador] Instalando...
03/29/2019 11:05:18 [11: Finalizando ajustes no navegador] Ocorreu um problema durante a instalação.
03/29/2019 11:05:18 [12: Ajustando ambiente] Verificando...
03/29/2019 11:05:18 [12: Ajustando ambiente] Ok.
03/29/2019 11:05:27 Reiniciando o sistema...
03/29/2019 11:05:27 CONCLUÍDO.
03/29/2019 11:13:57 INICIANDO...
03/29/2019 11:13:57 2.1.0.2
03/29/2019 11:13:57 Usuário: msantos.stefanini(Administrador)
03/29/2019 11:13:57 Versão do Sistema Operacional: 6.1.7601
03/29/2019 11:13:57 64 Bits: true
03/29/2019 11:13:57  45.0.1 (x86 pt-BR) ( 45.0 )
03/29/2019 11:13:57 UAC: Ativado
03/29/2019 11:13:57 Verificando se Mozilla Firefox está instalado...
03/29/2019 11:13:57 Mozilla Firefox instalado.
03/29/2019 11:13:57 [7: Instalando módulo de segurança] Verificando...
03/29/2019 11:13:57 [7: Instalando módulo de segurança] Efetuando download do instalador...
03/29/2019 11:14:04 [7: Instalando módulo de segurança] Instalando...
03/29/2019 11:16:36 [7: Instalando módulo de segurança] Ok.
03/29/2019 11:16:36 [8: Preparando módulo de segurança] Verificando...
03/29/2019 11:16:36 [8: Preparando módulo de segurança] Será necessário reiniciar o computador para finalizar a instalação.
03/29/2019 11:16:36 Foram detectados problemas durante a execução do processo.
03/29/2019 11:16:36 [13: Concluindo ajustes] Verificando...
03/29/2019 11:16:49 [13: Concluindo ajustes] CONCLUÍDO.
03/29/2019 11:16:49 CONCLUÍDO.
